9511	1
9511	2
9511	3
9511	4
9511	5
9511	6
9511	7
9511	8
9511	9
9511	10
9511	11
9511	12
9511	13
9511	14
9511	15
9511	16
9511	17
9511	18
9511	19
9511	20
9511	1
9511	2
9511	3
9511	4
9511	5
9511	6
9511	7
9511	8
9511	9
9511	10
9511	11
9511	12
9511	13
9511	14
9511	15
9511	16
9511	17
9511	18
9511	19
9511	20
9511	1
9511	2
9511	3
9511	4
9511	5
9511	6
9511	7
9511	8
9511	9
9511	10
9511	11
9511	12
9511	13
9511	14
9511	15
9511	16
9511	17
9511	18
9511	19
9511	20
9511	1
9511	2
9511	3
9511	4
9511	5
9511	6
9511	7
9511	8
9511	9
9511	10
9511	11
9511	12
9511	13
9511	14
9511	15
9511	16
9511	17
9511	18
9511	19
9511	20
9511	1
9511	2
9511	3
9511	4
9511	5
9511	6
9511	7
9511	8
9511	9
9511	10
9511	11
9511	12
9511	13
9511	14
9511	15
9511	16
9511	17
9511	18
9511	19
9511	20
9546	1
9558	2
9567	3
30110	4
30111	5
30112	6
30113	7
30114	8
30115	9
30116	10
30117	11
30118	12
30119	13
30120	14
30121	15
30122	16
30123	17
30124	18
30125	19
30126	20
30127	1
30128	2
30129	3
30130	4
30131	5
30132	6
30133	7
30134	8
30135	9
30136	10
30137	11
30138	12
30139	13
30140	14
30141	15
30142	16
30143	17
30144	18
30145	19
30146	20
30147	1
30148	2
30149	3
30150	4
30151	5
30152	6
30153	7
30154	8
30155	9
30156	10
30157	11
30158	12
30159	13
30160	14
30161	15
30162	16
30163	17
30164	18
30165	19
30166	20
30167	1
30168	2
30169	3
30170	4
30171	5
30172	6
30173	7
30174	8
30175	9
30176	10
30177	11
30178	12
30179	13
30180	14
30181	15
30182	16
30183	17
30184	18
30185	19
30186	20
30187	1
30188	2
30189	3
30190	4
30191	5
30192	6
30193	7
30194	8
30195	9
30196	10
30197	11
30198	12
30199	13
30200	14
30201	15
30202	16
30203	17
30204	18
30205	19
30206	20
30207	1
30208	2
30209	3
30210	4
30211	5
30212	6
30213	7
30214	8
30215	9
30216	10
30217	11
30218	12
30219	13
30220	14
30221	15
30222	16
30223	17
30224	18
30225	19
30226	20
30227	1
30228	2
30229	3
30230	4
30231	5
30232	6
30233	7
30234	8
30235	9
30236	10
30237	11
30238	12
30239	13
30240	14
30241	15
30242	16
30243	17
30244	18
30245	19
30246	20
30247	1
30248	2
30249	3
30250	4
30251	5
30252	6
30253	7
30254	8
30255	9
30256	10
30257	11
30258	12
30259	13
30260	14
30261	15
30262	16
30263	17
30264	18
30265	19
30266	20
30267	1
30268	2
30269	3
30270	4
30271	5
30272	6
30273	7
30274	8
30275	9
30276	10
30277	11
30278	12
30279	13
30280	14
30281	15
30282	16
30283	17
30284	18
30285	19
30286	20
30287	1
30288	2
30289	3
30290	4
30291	5
30292	6
30293	7
30294	8
30295	9
30296	10
30297	11
30298	12
30299	13
30300	14
30301	15
30302	16
30303	17
30304	18
30305	19
30306	20
30307	1
30308	2
30309	3
30310	4
30311	5
30312	6
30313	7
30314	8
30315	9
30316	10
30317	11
30318	12
30319	13
30320	14
30321	15
30322	16
30323	17
30324	18
30325	19
30326	20
30327	1
30328	2
30329	3
30681	4
30682	5
30683	6
30684	7
30686	8
30698	9
30688	10
30699	11
30694	12
30730	13
30727	14
30731	15
30726	16
30744	17
30701	18
30700	19
30711	20
30754	1
30702	2
30722	3
30714	4
30695	5
30729	6
30757	7
30743	8
30745	9
30721	10
30706	11
30719	12
30693	13
30725	14
30697	15
30733	16
30687	17
30799	18
30713	19
30801	20
30738	1
30761	2
30808	3
30802	4
30723	5
30806	6
30793	7
30753	8
30724	9
30708	10
30783	11
30775	12
30796	13
30813	14
30707	15
30749	16
30826	17
30827	18
30762	19
30770	20
30807	1
30781	2
30789	3
30766	4
30798	5
30768	6
30809	7
30810	8
30704	9
30712	10
30786	11
30750	12
30788	13
30696	14
30805	15
30811	16
30817	17
30703	18
30728	19
30791	20
30710	1
30795	2
30851	3
30863	4
30822	5
30876	6
30880	7
30763	8
30821	9
30839	10
30842	11
30829	12
30794	13
30844	14
30873	15
30838	16
30892	17
30836	18
30869	19
30871	20
30878	1
30867	2
30815	3
30887	4
30904	5
30854	6
30889	7
30797	8
30857	9
30831	10
30823	11
30746	12
30906	13
30911	14
30736	15
30800	16
30691	17
30882	18
30902	19
30861	20
30916	1
30883	2
30782	3
30920	4
30877	5
30924	6
30910	7
30834	8
30852	9
30685	10
30919	11
30898	12
30780	13
30930	14
30895	15
30931	16
30940	17
30866	18
30935	19
30941	20
30928	1
30947	2
30689	3
30923	4
30752	5
30948	6
30837	7
30918	8
30751	9
30847	10
30953	11
30735	12
30899	13
30774	14
30950	15
30777	16
30975	17
30974	18
30939	19
30942	20
30905	1
30907	2
30977	3
30833	4
30716	5
30816	6
30787	7
30784	8
30755	9
30824	10
30971	11
30962	12
30790	13
30914	14
30963	15
30984	16
30913	17
30954	18
30957	19
30848	20
30956	1
30969	2
30891	3
30970	4
30870	5
30767	6
30843	7
30856	8
30926	9
30978	10
30818	11
30709	12
30771	13
30820	14
30890	15
30825	16
30773	17
30933	18
31002	19
30692	20
30841	1
30908	2
30828	3
31011	4
30985	5
30945	6
30874	7
31014	8
30741	9
30946	10
30758	11
30922	12
30915	13
31016	14
30958	15
30893	16
30995	17
30886	18
30949	19
30937	20
30997	1
30764	2
31004	3
31022	4
30858	5
30959	6
30981	7
30872	8
30960	9
30894	10
30715	11
31034	12
30868	13
30999	14
30943	15
30952	16
31028	17
30976	18
31036	19
30862	20
30989	1
30888	2
30748	3
31052	4
30705	5
30879	6
30779	7
31063	8
30776	9
30875	10
31008	11
31035	12
30853	13
30991	14
31040	15
30917	16
30983	17
30921	18
30850	19
30792	20
31051	1
31007	2
30988	3
31071	4
31009	5
31000	6
31006	7
30944	8
30938	9
30961	10
31026	11
31033	12
31073	13
30785	14
31050	15
30994	16
30747	17
30884	18
30740	19
30737	20
30845	1
31045	2
30835	3
30990	4
30966	5
30756	6
31059	7
31037	8
31042	9
30864	10
30986	11
30860	12
30980	13
30718	14
31134	15
30769	16
31142	17
31145	18
31083	19
30772	20
31094	1
31122	2
31123	3
30929	4
31148	5
31080	6
30897	7
31104	8
31095	9
31054	10
31124	11
31109	12
31140	13
31096	14
31137	15
31118	16
31138	17
31133	18
31099	19
31081	20
31144	1
31114	2
31111	3
30881	4
31128	5
31043	6
31020	7
31024	8
31150	9
30967	10
31110	11
31049	12
30965	13
31121	14
31057	15
31176	16
31055	17
31117	18
31017	19
30859	20
31076	1
30720	2
30951	3
31125	4
31074	5
31075	6
31102	7
30812	8
31029	9
31069	10
31039	11
30968	12
31023	13
30742	14
31027	15
31079	16
30832	17
30760	18
31018	19
31115	20
31097	1
31098	2
30885	3
31139	4
30778	5
31072	6
31154	7
31082	8
31066	9
30972	10
31087	11
31185	12
31195	13
31182	14
31015	15
30690	16
31058	17
30717	18
30912	19
31165	20
31131	1
31183	2
31105	3
31129	4
31130	5
31155	6
31053	7
31112	8
31088	9
31158	10
31206	11
31207	12
31062	13
30855	14
31065	15
30734	16
31038	17
30846	18
31126	19
31191	20
31107	1
31173	2
31204	3
31001	4
30765	5
30903	6
30900	7
31208	8
31164	9
31067	10
31205	11
31092	12
31135	13
30964	14
30998	15
31086	16
30934	17
31010	18
31141	19
31260	20
31220	1
31255	2
31174	3
31210	4
31239	5
31201	6
31212	7
31279	8
31091	9
31159	10
31166	11
31188	12
31283	13
31245	14
31254	15
31012	16
31263	17
31030	18
31296	19
31264	20
31156	1
31032	2
31281	3
31143	4
31151	5
30936	6
31226	7
31231	8
31297	9
31215	10
31303	11
31249	12
31152	13
31223	14
31292	15
31261	16
31203	17
31247	18
31250	19
31293	20
31046	1
31093	2
31275	3
31316	4
31287	5
31317	6
31273	7
31160	8
31319	9
31070	10
31077	11
31311	12
31209	13
31305	14
31270	15
31278	16
31265	17
31324	18
31213	19
31240	20
31290	1
31244	2
31211	3
31280	4
31120	5
31132	6
31192	7
31253	8
31322	9
31327	10
31116	11
31307	12
31309	13
31325	14
31330	15
31345	16
31310	17
31331	18
31339	19
31315	20
31190	1
31346	2
31308	3
31347	4
31329	5
31323	6
30896	7
31170	8
31282	9
31025	10
31321	11
31354	12
31276	13
31304	14
31274	15
31236	16
31225	17
31353	18
31235	19
30814	20
31295	1
31187	2
31314	3
31232	4
31356	5
31194	6
31338	7
31340	8
31056	9
31299	10
31047	11
31332	12
31268	13
31351	14
31298	15
31227	16
31364	17
30993	18
31285	19
31090	20
31230	1
31362	2
31044	3
30982	4
30925	5
31103	6
31238	7
31349	8
31289	9
31237	10
31288	11
31224	12
31219	13
31106	14
31200	15
30932	16
31217	17
31169	18
31380	19
31372	20
31371	1
31064	2
31068	3
31019	4
31031	5
31078	6
31390	7
31222	8
31399	9
31221	10
31061	11
31271	12
31216	13
31021	14
31119	15
30973	16
31234	17
31243	18
31256	19
31242	20
31198	1
31184	2
31181	3
31350	4
31241	5
30830	6
30987	7
31149	8
31003	9
31326	10
31179	11
30849	12
31214	13
31172	14
31085	15
31177	16
31101	17
31189	18
31376	19
31259	20
31100	1
31382	2
31365	3
31248	4
31388	5
31422	6
31431	7
31433	8
31369	9
31272	10
31415	11
31375	12
31389	13
31444	14
31395	15
31404	16
31400	17
31366	18
31291	19
31436	20
31359	1
31448	2
31379	3
31157	4
31430	5
31449	6
31425	7
31428	8
31414	9
31418	10
31432	11
31452	12
31394	13
31363	14
31262	15
31342	16
31456	17
31167	18
31409	19
31013	20
31302	1
31457	2
30819	3
31438	4
31421	5
31294	6
31406	7
31411	8
31423	9
31386	10
31420	11
31381	12
31196	13
31360	14
31397	15
31396	16
31357	17
31269	18
31328	19
31284	20
30909	1
31352	2
31267	3
31368	4
31454	5
31442	6
31429	7
31136	8
31478	9
31048	10
31041	11
31479	12
31464	13
31401	14
31171	15
30901	16
31193	17
31413	18
31466	19
31398	20
31484	1
31391	2
31465	3
31475	4
31410	5
31434	6
31416	7
31337	8
31318	9
31477	10
31473	11
31437	12
31435	13
31229	14
31453	15
31408	16
31440	17
31471	18
31455	19
31450	20
31469	1
31504	2
31251	3
31336	4
31403	5
31482	6
31392	7
31505	8
31257	9
31163	10
31445	11
31358	12
31277	13
31175	14
31060	15
31507	16
31199	17
31178	18
31343	19
31387	20
31246	1
31500	2
31498	3
31487	4
31474	5
31186	6
31468	7
31463	8
31393	9
31488	10
31335	11
30992	12
31377	13
31532	14
31530	15
31405	16
31514	17
31534	18
31460	19
31333	20
31516	1
31535	2
31446	3
31480	4
31511	5
31520	6
31127	7
31513	8
31540	9
31523	10
31108	11
31153	12
31522	13
30979	14
31502	15
31539	16
31373	17
31543	18
31412	19
31313	20
31518	1
31367	2
31524	3
31519	4
31548	5
31525	6
31383	7
31508	8
31424	9
31533	10
31567	11
31570	12
31509	13
31320	14
31536	15
31555	16
31486	17
31575	18
31458	19
31556	20
31521	1
31266	2
31427	3
31258	4
31565	5
31506	6
31554	7
31598	8
31517	9
31550	10
31537	11
31576	12
31546	13
31569	14
31476	15
31402	16
31384	17
31312	18
31582	19
31606	20
31417	1
31615	2
31571	3
31572	4
31558	5
31579	6
31531	7
31528	8
31604	9
31602	10
31586	11
31609	12
30996	13
31481	14
30865	15
31501	16
31370	17
31306	18
31527	19
31084	20
31472	1
31580	2
31180	3
31147	4
31515	5
31005	6
31560	7
31407	8
31547	9
31630	10
31483	11
31628	12
31600	13
31361	14
31620	15
31634	16
31643	17
31385	18
31439	19
31635	20
31608	1
31581	2
31637	3
31341	4
31218	5
31614	6
31618	7
31651	8
31559	9
31639	10
31607	11
31621	12
31561	13
31553	14
31633	15
31538	16
31662	17
31551	18
31642	19
31568	20
31644	1
31646	2
31656	3
31631	4
31202	5
31629	6
31652	7
31658	8
31659	9
31300	10
31563	11
31654	12
31510	13
31641	14
31676	15
31605	16
31542	17
31685	18
31648	19
31622	20
31113	1
31617	2
31470	3
30955	4
31583	5
31697	6
30840	7
31692	8
31499	9
31552	10
31512	11
31681	12
31545	13
31611	14
31638	15
31601	16
31657	17
31334	18
31708	19
31612	20
31691	1
31529	2
31696	3
31467	4
31722	5
31661	6
31684	7
31451	8
31578	9
30927	10
31089	11
31710	12
31726	13
31716	14
31574	15
31447	16
31660	17
31557	18
31655	19
31549	20
31690	1
31462	2
31485	3
31673	4
31503	5
31653	6
31619	7
31675	8
31715	9
31616	10
31647	11
31526	12
31491	13
31693	14
31677	15
31698	16
31603	17
31725	18
31419	19
31727	20
31645	1
31632	2
31713	3
31689	4
31544	5
31541	6
31577	7
31562	8
31168	9
31301	10
31674	11
31573	12
31461	13
31723	14
31610	15
31729	16
31732	17
31694	18
31640	19
31566	20
31712	1
31286	2
31714	3
31754	4
31252	5
31683	6
31740	7
31636	8
31599	9
31751	10
31682	11
4368	12
4517	13
